Flow report for SuperHexagon
<<<<<<< HEAD
Fri Jul 01 13:59:57 2016
=======
Fri Jul 01 14:04:55 2016
>>>>>>> e140dd7c37dc31202cdef21c4493e2c349e52183
Quartus Prime Version 15.1.0 Build 185 10/21/2015 SJ Lite Edition


---------------------
; Table of Contents ;
---------------------
  1. Legal Notice
  2. Flow Summary
  3. Flow Settings
  4. Flow Non-Default Global Settings
  5. Flow Elapsed Time
  6. Flow OS Summary
  7. Flow Log
  8. Flow Messages
  9. Flow Suppressed Messages



----------------
; Legal Notice ;
----------------
Copyright (C) 1991-2015 Altera Corporation. All rights reserved.
Your use of Altera Corporation's design tools, logic functions 
and other software and tools, and its AMPP partner logic 
functions, and any output files from any of the foregoing 
(including device programming or simulation files), and any 
associated documentation or information are expressly subject 
to the terms and conditions of the Altera Program License 
Subscription Agreement, the Altera Quartus Prime License Agreement,
the Altera MegaCore Function License Agreement, or other 
applicable license agreement, including, without limitation, 
that your use is for the sole purpose of programming logic 
devices manufactured by Altera and sold by Altera or its 
authorized distributors.  Please refer to the applicable 
agreement for further details.



+----------------------------------------------------------------------------------+
; Flow Summary                                                                     ;
+------------------------------------+---------------------------------------------+
<<<<<<< HEAD
; Flow Status                        ; Successful - Fri Jul 01 13:59:57 2016       ;
; Quartus Prime Version              ; 15.1.0 Build 185 10/21/2015 SJ Lite Edition ;
; Revision Name                      ; SuperHexagon                                ;
; Top-level Entity Name              ; CIRCULO                                     ;
=======
; Flow Status                        ; Successful - Fri Jul 01 14:04:55 2016       ;
; Quartus Prime Version              ; 15.1.0 Build 185 10/21/2015 SJ Lite Edition ;
; Revision Name                      ; SuperHexagon                                ;
; Top-level Entity Name              ; Juego_Fsm                                   ;
>>>>>>> e140dd7c37dc31202cdef21c4493e2c349e52183
; Family                             ; Cyclone IV E                                ;
; Total logic elements               ; N/A until Partition Merge                   ;
;     Total combinational functions  ; N/A until Partition Merge                   ;
;     Dedicated logic registers      ; N/A until Partition Merge                   ;
; Total registers                    ; N/A until Partition Merge                   ;
; Total pins                         ; N/A until Partition Merge                   ;
; Total virtual pins                 ; N/A until Partition Merge                   ;
; Total memory bits                  ; N/A until Partition Merge                   ;
; Embedded Multiplier 9-bit elements ; N/A until Partition Merge                   ;
; Total PLLs                         ; N/A until Partition Merge                   ;
+------------------------------------+---------------------------------------------+


+-----------------------------------------+
; Flow Settings                           ;
+-------------------+---------------------+
; Option            ; Setting             ;
+-------------------+---------------------+
<<<<<<< HEAD
; Start date & time ; 07/01/2016 13:59:42 ;
=======
; Start date & time ; 07/01/2016 14:04:40 ;
>>>>>>> e140dd7c37dc31202cdef21c4493e2c349e52183
; Main task         ; Compilation         ;
; Revision Name     ; SuperHexagon        ;
+-------------------+---------------------+


<<<<<<< HEAD
+----------------------------------------------------------------------------------------------------------------------+
; Flow Non-Default Global Settings                                                                                     ;
+--------------------------------------+--------------------------------+---------------+-------------+----------------+
; Assignment Name                      ; Value                          ; Default Value ; Entity Name ; Section Id     ;
+--------------------------------------+--------------------------------+---------------+-------------+----------------+
; COMPILER_SIGNATURE_ID                ; 23084203634910.146739238212304 ; --            ; --          ; --             ;
; EDA_DESIGN_INSTANCE_NAME             ; NA                             ; --            ; --          ; vga_driver_tb  ;
; EDA_DESIGN_INSTANCE_NAME             ; NA                             ; --            ; --          ; sincos_tb      ;
; EDA_DESIGN_INSTANCE_NAME             ; NA                             ; --            ; --          ; root3_tb       ;
; EDA_DESIGN_INSTANCE_NAME             ; NA                             ; --            ; --          ; random_gen_tb  ;
; EDA_NATIVELINK_SIMULATION_TEST_BENCH ; random_gen_tb                  ; --            ; --          ; eda_simulation ;
; EDA_OUTPUT_DATA_FORMAT               ; Verilog Hdl                    ; --            ; --          ; eda_simulation ;
; EDA_SIMULATION_TOOL                  ; ModelSim-Altera (Verilog)      ; <None>        ; --          ; --             ;
; EDA_TEST_BENCH_ENABLE_STATUS         ; TEST_BENCH_MODE                ; --            ; --          ; eda_simulation ;
; EDA_TEST_BENCH_FILE                  ; vga_driver_tb.v                ; --            ; --          ; vga_driver_tb  ;
; EDA_TEST_BENCH_FILE                  ; sincos_tb.v                    ; --            ; --          ; sincos_tb      ;
; EDA_TEST_BENCH_FILE                  ; root3_tb.v                     ; --            ; --          ; root3_tb       ;
; EDA_TEST_BENCH_FILE                  ; random_gen_tb.v                ; --            ; --          ; random_gen_tb  ;
; EDA_TEST_BENCH_MODULE_NAME           ; vga_driver_tb                  ; --            ; --          ; vga_driver_tb  ;
; EDA_TEST_BENCH_MODULE_NAME           ; sincos_tb                      ; --            ; --          ; sincos_tb      ;
; EDA_TEST_BENCH_MODULE_NAME           ; root3_tb                       ; --            ; --          ; root3_tb       ;
; EDA_TEST_BENCH_MODULE_NAME           ; random_gen_tb                  ; --            ; --          ; random_gen_tb  ;
; EDA_TEST_BENCH_NAME                  ; root3_tb                       ; --            ; --          ; eda_simulation ;
; EDA_TEST_BENCH_NAME                  ; sincos_tb                      ; --            ; --          ; eda_simulation ;
; EDA_TEST_BENCH_NAME                  ; vga_driver_tb                  ; --            ; --          ; eda_simulation ;
; EDA_TEST_BENCH_NAME                  ; random_gen_tb                  ; --            ; --          ; eda_simulation ;
; EDA_TEST_BENCH_RUN_SIM_FOR           ; 1 s                            ; --            ; --          ; vga_driver_tb  ;
; EDA_TIME_SCALE                       ; 1 ps                           ; --            ; --          ; eda_simulation ;
; MISC_FILE                            ; lpm_counter0.bsf               ; --            ; --          ; --             ;
; MISC_FILE                            ; lpm_counter0_bb.v              ; --            ; --          ; --             ;
; MISC_FILE                            ; alt_pll.bsf                    ; --            ; --          ; --             ;
; MISC_FILE                            ; alt_pll_bb.v                   ; --            ; --          ; --             ;
; MISC_FILE                            ; alt_pll.ppf                    ; --            ; --          ; --             ;
; PARTITION_COLOR                      ; 16764057                       ; --            ; CIRCULO     ; Top            ;
; PARTITION_FITTER_PRESERVATION_LEVEL  ; PLACEMENT_AND_ROUTING          ; --            ; CIRCULO     ; Top            ;
; PARTITION_NETLIST_TYPE               ; SOURCE                         ; --            ; CIRCULO     ; Top            ;
; PROJECT_OUTPUT_DIRECTORY             ; output_files                   ; --            ; --          ; --             ;
; TOP_LEVEL_ENTITY                     ; CIRCULO                        ; SuperHexagon  ; --          ; --             ;
+--------------------------------------+--------------------------------+---------------+-------------+----------------+
=======
+-----------------------------------------------------------------------------------------------------------------------+
; Flow Non-Default Global Settings                                                                                      ;
+--------------------------------------+---------------------------------+---------------+-------------+----------------+
; Assignment Name                      ; Value                           ; Default Value ; Entity Name ; Section Id     ;
+--------------------------------------+---------------------------------+---------------+-------------+----------------+
; COMPILER_SIGNATURE_ID                ; 269322049746858.146739267905900 ; --            ; --          ; --             ;
; EDA_DESIGN_INSTANCE_NAME             ; NA                              ; --            ; --          ; vga_driver_tb  ;
; EDA_DESIGN_INSTANCE_NAME             ; NA                              ; --            ; --          ; sincos_tb      ;
; EDA_DESIGN_INSTANCE_NAME             ; NA                              ; --            ; --          ; root3_tb       ;
; EDA_DESIGN_INSTANCE_NAME             ; NA                              ; --            ; --          ; random_gen_tb  ;
; EDA_NATIVELINK_SIMULATION_TEST_BENCH ; random_gen_tb                   ; --            ; --          ; eda_simulation ;
; EDA_OUTPUT_DATA_FORMAT               ; Verilog Hdl                     ; --            ; --          ; eda_simulation ;
; EDA_SIMULATION_TOOL                  ; ModelSim-Altera (Verilog)       ; <None>        ; --          ; --             ;
; EDA_TEST_BENCH_ENABLE_STATUS         ; TEST_BENCH_MODE                 ; --            ; --          ; eda_simulation ;
; EDA_TEST_BENCH_FILE                  ; vga_driver_tb.v                 ; --            ; --          ; vga_driver_tb  ;
; EDA_TEST_BENCH_FILE                  ; sincos_tb.v                     ; --            ; --          ; sincos_tb      ;
; EDA_TEST_BENCH_FILE                  ; root3_tb.v                      ; --            ; --          ; root3_tb       ;
; EDA_TEST_BENCH_FILE                  ; random_gen_tb.v                 ; --            ; --          ; random_gen_tb  ;
; EDA_TEST_BENCH_MODULE_NAME           ; vga_driver_tb                   ; --            ; --          ; vga_driver_tb  ;
; EDA_TEST_BENCH_MODULE_NAME           ; sincos_tb                       ; --            ; --          ; sincos_tb      ;
; EDA_TEST_BENCH_MODULE_NAME           ; root3_tb                        ; --            ; --          ; root3_tb       ;
; EDA_TEST_BENCH_MODULE_NAME           ; random_gen_tb                   ; --            ; --          ; random_gen_tb  ;
; EDA_TEST_BENCH_NAME                  ; root3_tb                        ; --            ; --          ; eda_simulation ;
; EDA_TEST_BENCH_NAME                  ; sincos_tb                       ; --            ; --          ; eda_simulation ;
; EDA_TEST_BENCH_NAME                  ; vga_driver_tb                   ; --            ; --          ; eda_simulation ;
; EDA_TEST_BENCH_NAME                  ; random_gen_tb                   ; --            ; --          ; eda_simulation ;
; EDA_TEST_BENCH_RUN_SIM_FOR           ; 1 s                             ; --            ; --          ; vga_driver_tb  ;
; EDA_TIME_SCALE                       ; 1 ps                            ; --            ; --          ; eda_simulation ;
; MAX_CORE_JUNCTION_TEMP               ; 85                              ; --            ; --          ; --             ;
; MIN_CORE_JUNCTION_TEMP               ; 0                               ; --            ; --          ; --             ;
; MISC_FILE                            ; lpm_counter0.bsf                ; --            ; --          ; --             ;
; MISC_FILE                            ; lpm_counter0_bb.v               ; --            ; --          ; --             ;
; MISC_FILE                            ; alt_pll.bsf                     ; --            ; --          ; --             ;
; MISC_FILE                            ; alt_pll_bb.v                    ; --            ; --          ; --             ;
; MISC_FILE                            ; alt_pll.ppf                     ; --            ; --          ; --             ;
; PARTITION_COLOR                      ; 16764057                        ; --            ; JUEGO_FSM   ; Top            ;
; PARTITION_FITTER_PRESERVATION_LEVEL  ; PLACEMENT_AND_ROUTING           ; --            ; JUEGO_FSM   ; Top            ;
; PARTITION_NETLIST_TYPE               ; SOURCE                          ; --            ; JUEGO_FSM   ; Top            ;
; PROJECT_OUTPUT_DIRECTORY             ; output_files                    ; --            ; --          ; --             ;
; TOP_LEVEL_ENTITY                     ; JUEGO_FSM                       ; SuperHexagon  ; --          ; --             ;
+--------------------------------------+---------------------------------+---------------+-------------+----------------+
>>>>>>> e140dd7c37dc31202cdef21c4493e2c349e52183


+----------------------------------------------------------------------------------------------------------------------------+
; Flow Elapsed Time                                                                                                          ;
+------------------------+--------------+-------------------------+---------------------+------------------------------------+
; Module Name            ; Elapsed Time ; Average Processors Used ; Peak Virtual Memory ; Total CPU Time (on all processors) ;
+------------------------+--------------+-------------------------+---------------------+------------------------------------+
<<<<<<< HEAD
; Analysis & Elaboration ; 00:00:15     ; 1.0                     ; 847 MB              ; 00:00:37                           ;
; Total                  ; 00:00:15     ; --                      ; --                  ; 00:00:37                           ;
=======
; Analysis & Elaboration ; 00:00:16     ; 1.0                     ; 805 MB              ; 00:00:35                           ;
; Total                  ; 00:00:16     ; --                      ; --                  ; 00:00:35                           ;
>>>>>>> e140dd7c37dc31202cdef21c4493e2c349e52183
+------------------------+--------------+-------------------------+---------------------+------------------------------------+


+-------------------------------------------------------------------------------------+
; Flow OS Summary                                                                     ;
+------------------------+------------------+-----------+------------+----------------+
; Module Name            ; Machine Hostname ; OS Name   ; OS Version ; Processor type ;
+------------------------+------------------+-----------+------------+----------------+
<<<<<<< HEAD
; Analysis & Elaboration ; Gabriel          ; Windows 8 ; 6.2        ; x86_64         ;
=======
; Analysis & Elaboration ; Daniela-NB       ; Windows 7 ; 6.1        ; x86_64         ;
>>>>>>> e140dd7c37dc31202cdef21c4493e2c349e52183
+------------------------+------------------+-----------+------------+----------------+


------------
; Flow Log ;
------------
quartus_map --read_settings_files=on --write_settings_files=off SuperHexagon -c SuperHexagon --analysis_and_elaboration



