Analysis & Elaboration report for SuperHexagon
Sun Jul 03 02:00:19 2016
Quartus Prime Version 15.1.0 Build 185 10/21/2015 SJ Lite Edition


---------------------
; Table of Contents ;
---------------------
  1. Legal Notice
  2. Analysis & Elaboration Summary
  3. Parallel Compilation
  4. Analysis & Elaboration Settings
  5. Analysis & Elaboration Messages
  6. Analysis & Elaboration Suppressed Messages



----------------
; Legal Notice ;
----------------
Copyright (C) 1991-2015 Altera Corporation. All rights reserved.
Your use of Altera Corporation's design tools, logic functions 
and other software and tools, and its AMPP partner logic 
functions, and any output files from any of the foregoing 
(including device programming or simulation files), and any 
associated documentation or information are expressly subject 
to the terms and conditions of the Altera Program License 
Subscription Agreement, the Altera Quartus Prime License Agreement,
the Altera MegaCore Function License Agreement, or other 
applicable license agreement, including, without limitation, 
that your use is for the sole purpose of programming logic 
devices manufactured by Altera and sold by Altera or its 
authorized distributors.  Please refer to the applicable 
agreement for further details.



+----------------------------------------------------------------------------------+
; Analysis & Elaboration Summary                                                   ;
+------------------------------------+---------------------------------------------+
; Analysis & Elaboration Status      ; Successful - Sun Jul 03 02:00:19 2016       ;
; Quartus Prime Version              ; 15.1.0 Build 185 10/21/2015 SJ Lite Edition ;
; Revision Name                      ; SuperHexagon                                ;
; Top-level Entity Name              ; PAREDES                                     ;
; Family                             ; Cyclone IV E                                ;
; Total logic elements               ; N/A until Partition Merge                   ;
;     Total combinational functions  ; N/A until Partition Merge                   ;
;     Dedicated logic registers      ; N/A until Partition Merge                   ;
; Total registers                    ; N/A until Partition Merge                   ;
; Total pins                         ; N/A until Partition Merge                   ;
; Total virtual pins                 ; N/A until Partition Merge                   ;
; Total memory bits                  ; N/A until Partition Merge                   ;
; Embedded Multiplier 9-bit elements ; N/A until Partition Merge                   ;
; Total PLLs                         ; N/A until Partition Merge                   ;
+------------------------------------+---------------------------------------------+


Parallel compilation was disabled, but you have multiple processors available. Enable parallel compilation to reduce compilation time.
+-------------------------------------+
; Parallel Compilation                ;
+----------------------------+--------+
; Processors                 ; Number ;
+----------------------------+--------+
; Number detected on machine ; 8      ;
; Maximum allowed            ; 1      ;
+----------------------------+--------+


+----------------------------------------------------------------------------------------------------------------------+
; Analysis & Elaboration Settings                                                                                      ;
+----------------------------------------------------------------------------+--------------------+--------------------+
; Option                                                                     ; Setting            ; Default Value      ;
+----------------------------------------------------------------------------+--------------------+--------------------+
; Top-level entity name                                                      ; PAREDES            ; SuperHexagon       ;
; Family name                                                                ; Cyclone IV E       ; Cyclone IV GX      ;
; Use smart compilation                                                      ; Off                ; Off                ;
; Enable parallel Assembler and TimeQuest Timing Analyzer during compilation ; On                 ; On                 ;
; Enable compact report table                                                ; Off                ; Off                ;
; Restructure Multiplexers                                                   ; Auto               ; Auto               ;
; Create Debugging Nodes for IP Cores                                        ; Off                ; Off                ;
; Preserve fewer node names                                                  ; On                 ; On                 ;
; Disable OpenCore Plus hardware evaluation                                  ; Off                ; Off                ;
; Verilog Version                                                            ; Verilog_2001       ; Verilog_2001       ;
; VHDL Version                                                               ; VHDL_1993          ; VHDL_1993          ;
; State Machine Processing                                                   ; Auto               ; Auto               ;
; Safe State Machine                                                         ; Off                ; Off                ;
; Extract Verilog State Machines                                             ; On                 ; On                 ;
; Extract VHDL State Machines                                                ; On                 ; On                 ;
; Ignore Verilog initial constructs                                          ; Off                ; Off                ;
; Iteration limit for constant Verilog loops                                 ; 5000               ; 5000               ;
; Iteration limit for non-constant Verilog loops                             ; 250                ; 250                ;
; Add Pass-Through Logic to Inferred RAMs                                    ; On                 ; On                 ;
; Infer RAMs from Raw Logic                                                  ; On                 ; On                 ;
; Parallel Synthesis                                                         ; On                 ; On                 ;
; DSP Block Balancing                                                        ; Auto               ; Auto               ;
; NOT Gate Push-Back                                                         ; On                 ; On                 ;
; Power-Up Don't Care                                                        ; On                 ; On                 ;
; Remove Redundant Logic Cells                                               ; Off                ; Off                ;
; Remove Duplicate Registers                                                 ; On                 ; On                 ;
; Ignore CARRY Buffers                                                       ; Off                ; Off                ;
; Ignore CASCADE Buffers                                                     ; Off                ; Off                ;
; Ignore GLOBAL Buffers                                                      ; Off                ; Off                ;
; Ignore ROW GLOBAL Buffers                                                  ; Off                ; Off                ;
; Ignore LCELL Buffers                                                       ; Off                ; Off                ;
; Ignore SOFT Buffers                                                        ; On                 ; On                 ;
; Limit AHDL Integers to 32 Bits                                             ; Off                ; Off                ;
; Optimization Technique                                                     ; Balanced           ; Balanced           ;
; Carry Chain Length                                                         ; 70                 ; 70                 ;
; Auto Carry Chains                                                          ; On                 ; On                 ;
; Auto Open-Drain Pins                                                       ; On                 ; On                 ;
; Perform WYSIWYG Primitive Resynthesis                                      ; Off                ; Off                ;
; Auto ROM Replacement                                                       ; On                 ; On                 ;
; Auto RAM Replacement                                                       ; On                 ; On                 ;
; Auto DSP Block Replacement                                                 ; On                 ; On                 ;
; Auto Shift Register Replacement                                            ; Auto               ; Auto               ;
; Allow Shift Register Merging across Hierarchies                            ; Auto               ; Auto               ;
; Auto Clock Enable Replacement                                              ; On                 ; On                 ;
; Strict RAM Replacement                                                     ; Off                ; Off                ;
; Allow Synchronous Control Signals                                          ; On                 ; On                 ;
; Force Use of Synchronous Clear Signals                                     ; Off                ; Off                ;
; Auto RAM Block Balancing                                                   ; On                 ; On                 ;
; Auto RAM to Logic Cell Conversion                                          ; Off                ; Off                ;
; Auto Resource Sharing                                                      ; Off                ; Off                ;
; Allow Any RAM Size For Recognition                                         ; Off                ; Off                ;
; Allow Any ROM Size For Recognition                                         ; Off                ; Off                ;
; Allow Any Shift Register Size For Recognition                              ; Off                ; Off                ;
; Use LogicLock Constraints during Resource Balancing                        ; On                 ; On                 ;
; Ignore translate_off and synthesis_off directives                          ; Off                ; Off                ;
; Timing-Driven Synthesis                                                    ; On                 ; On                 ;
; Report Parameter Settings                                                  ; On                 ; On                 ;
; Report Source Assignments                                                  ; On                 ; On                 ;
; Report Connectivity Checks                                                 ; On                 ; On                 ;
; Ignore Maximum Fan-Out Assignments                                         ; Off                ; Off                ;
; Synchronization Register Chain Length                                      ; 2                  ; 2                  ;
; PowerPlay Power Optimization During Synthesis                              ; Normal compilation ; Normal compilation ;
; HDL message level                                                          ; Level2             ; Level2             ;
; Suppress Register Optimization Related Messages                            ; Off                ; Off                ;
; Number of Removed Registers Reported in Synthesis Report                   ; 5000               ; 5000               ;
; Number of Swept Nodes Reported in Synthesis Report                         ; 5000               ; 5000               ;
; Number of Inverted Registers Reported in Synthesis Report                  ; 100                ; 100                ;
; Clock MUX Protection                                                       ; On                 ; On                 ;
; Auto Gated Clock Conversion                                                ; Off                ; Off                ;
; Block Design Naming                                                        ; Auto               ; Auto               ;
; SDC constraint protection                                                  ; Off                ; Off                ;
; Synthesis Effort                                                           ; Auto               ; Auto               ;
; Shift Register Replacement - Allow Asynchronous Clear Signal               ; On                 ; On                 ;
; Pre-Mapping Resynthesis Optimization                                       ; Off                ; Off                ;
; Analysis & Synthesis Message Level                                         ; Medium             ; Medium             ;
; Disable Register Merging Across Hierarchies                                ; Auto               ; Auto               ;
; Resource Aware Inference For Block RAM                                     ; On                 ; On                 ;
; Synthesis Seed                                                             ; 1                  ; 1                  ;
+----------------------------------------------------------------------------+--------------------+--------------------+


+---------------------------------+
; Analysis & Elaboration Messages ;
+---------------------------------+
Info: *******************************************************************
Info: Running Quartus Prime Analysis & Elaboration
    Info: Version 15.1.0 Build 185 10/21/2015 SJ Lite Edition
    Info: Processing started: Sun Jul 03 02:00:05 2016
Info: Command: quartus_map --read_settings_files=on --write_settings_files=off SuperHexagon -c SuperHexagon --analysis_and_elaboration
Warning (20028): Parallel compilation is not licensed and has been disabled
Info (12021): Found 2 design units, including 1 entities, in source file circulo.vhd
    Info (12022): Found design unit 1: CIRCULO-BEH File: E:/Mega/Facultad/FPGA/SuperHexagonFPGA/CIRCULO.vhd Line: 16
    Info (12023): Found entity 1: CIRCULO File: E:/Mega/Facultad/FPGA/SuperHexagonFPGA/CIRCULO.vhd Line: 4
Info (12021): Found 2 design units, including 1 entities, in source file controlador_vga.vhd
    Info (12022): Found design unit 1: CONTROLADOR_VGA-BEH File: E:/Mega/Facultad/FPGA/SuperHexagonFPGA/CONTROLADOR_VGA.vhd Line: 25
    Info (12023): Found entity 1: CONTROLADOR_VGA File: E:/Mega/Facultad/FPGA/SuperHexagonFPGA/CONTROLADOR_VGA.vhd Line: 5
Info (12021): Found 2 design units, including 1 entities, in source file prueba_vga.vhd
    Info (12022): Found design unit 1: PRUEBA_VGA-BEH File: E:/Mega/Facultad/FPGA/SuperHexagonFPGA/PRUEBA_VGA.vhd Line: 15
    Info (12023): Found entity 1: PRUEBA_VGA File: E:/Mega/Facultad/FPGA/SuperHexagonFPGA/PRUEBA_VGA.vhd Line: 4
Info (12021): Found 2 design units, including 1 entities, in source file dec_hex_7seg.vhd
    Info (12022): Found design unit 1: DEC_HEX_7SEG-DECOD File: E:/Mega/Facultad/FPGA/SuperHexagonFPGA/DEC_HEX_7SEG.vhd Line: 13
    Info (12023): Found entity 1: DEC_HEX_7SEG File: E:/Mega/Facultad/FPGA/SuperHexagonFPGA/DEC_HEX_7SEG.vhd Line: 4
Info (12021): Found 1 design units, including 1 entities, in source file superhexagon.bdf
    Info (12023): Found entity 1: SuperHexagon
Info (12021): Found 1 design units, including 1 entities, in source file rect_to_hex.v
    Info (12023): Found entity 1: rect_to_hex File: E:/Mega/Facultad/FPGA/SuperHexagonFPGA/rect_to_hex.v Line: 2
Info (12021): Found 1 design units, including 1 entities, in source file walls.v
    Info (12023): Found entity 1: walls File: E:/Mega/Facultad/FPGA/SuperHexagonFPGA/walls.v Line: 2
Warning (10463): Verilog HDL Declaration warning at drawing.v(11): "rand" is SystemVerilog-2005 keyword File: E:/Mega/Facultad/FPGA/SuperHexagonFPGA/drawing.v Line: 11
Info (12021): Found 1 design units, including 1 entities, in source file drawing.v
    Info (12023): Found entity 1: drawing File: E:/Mega/Facultad/FPGA/SuperHexagonFPGA/drawing.v Line: 2
Info (12021): Found 1 design units, including 1 entities, in source file sincos.v
    Info (12023): Found entity 1: sincos File: E:/Mega/Facultad/FPGA/SuperHexagonFPGA/sincos.v Line: 2
Info (12021): Found 1 design units, including 1 entities, in source file sincos_tb.v
    Info (12023): Found entity 1: sincos_tb File: E:/Mega/Facultad/FPGA/SuperHexagonFPGA/sincos_tb.v Line: 2
Info (12021): Found 1 design units, including 1 entities, in source file player.v
    Info (12023): Found entity 1: player File: E:/Mega/Facultad/FPGA/SuperHexagonFPGA/player.v Line: 2
Info (12021): Found 1 design units, including 1 entities, in source file compare_coords.v
    Info (12023): Found entity 1: compare_coords File: E:/Mega/Facultad/FPGA/SuperHexagonFPGA/compare_coords.v Line: 2
Info (12021): Found 1 design units, including 1 entities, in source file vga_driver_tb.v
    Info (12023): Found entity 1: vga_driver_tb File: E:/Mega/Facultad/FPGA/SuperHexagonFPGA/vga_driver_tb.v Line: 3
Info (12021): Found 1 design units, including 1 entities, in source file random_gen.v
    Info (12023): Found entity 1: random_gen File: E:/Mega/Facultad/FPGA/SuperHexagonFPGA/random_gen.v Line: 2
Info (12021): Found 1 design units, including 1 entities, in source file random_gen_tb.v
    Info (12023): Found entity 1: random_gen_tb File: E:/Mega/Facultad/FPGA/SuperHexagonFPGA/random_gen_tb.v Line: 2
Warning (10463): Verilog HDL Declaration warning at wall_generator.v(4): "rand" is SystemVerilog-2005 keyword File: E:/Mega/Facultad/FPGA/SuperHexagonFPGA/wall_generator.v Line: 4
Info (12021): Found 1 design units, including 1 entities, in source file wall_generator.v
    Info (12023): Found entity 1: wall_generator File: E:/Mega/Facultad/FPGA/SuperHexagonFPGA/wall_generator.v Line: 2
Info (12021): Found 1 design units, including 1 entities, in source file game.v
    Info (12023): Found entity 1: game File: E:/Mega/Facultad/FPGA/SuperHexagonFPGA/game.v Line: 2
Info (12021): Found 1 design units, including 1 entities, in source file difficulty.v
    Info (12023): Found entity 1: difficulty File: E:/Mega/Facultad/FPGA/SuperHexagonFPGA/difficulty.v Line: 2
Info (12021): Found 1 design units, including 1 entities, in source file rotate.v
    Info (12023): Found entity 1: rotate File: E:/Mega/Facultad/FPGA/SuperHexagonFPGA/rotate.v Line: 2
Info (12021): Found 1 design units, including 1 entities, in source file counter.v
    Info (12023): Found entity 1: counter File: E:/Mega/Facultad/FPGA/SuperHexagonFPGA/counter.v Line: 2
Warning (10463): Verilog HDL Declaration warning at spin_controller.v(5): "rand" is SystemVerilog-2005 keyword File: E:/Mega/Facultad/FPGA/SuperHexagonFPGA/spin_controller.v Line: 5
Info (12021): Found 1 design units, including 1 entities, in source file spin_controller.v
    Info (12023): Found entity 1: spin_controller File: E:/Mega/Facultad/FPGA/SuperHexagonFPGA/spin_controller.v Line: 2
Info (12021): Found 1 design units, including 1 entities, in source file lpm_counter0.v
    Info (12023): Found entity 1: lpm_counter0 File: E:/Mega/Facultad/FPGA/SuperHexagonFPGA/lpm_counter0.v Line: 39
Info (12021): Found 1 design units, including 1 entities, in source file alt_pll.v
    Info (12023): Found entity 1: alt_pll File: E:/Mega/Facultad/FPGA/SuperHexagonFPGA/alt_pll.v Line: 39
Info (12021): Found 2 design units, including 1 entities, in source file contador.vhd
    Info (12022): Found design unit 1: Contador-beh File: E:/Mega/Facultad/FPGA/SuperHexagonFPGA/CONTADOR.vhd Line: 17
    Info (12023): Found entity 1: Contador File: E:/Mega/Facultad/FPGA/SuperHexagonFPGA/CONTADOR.vhd Line: 5
Info (12021): Found 2 design units, including 1 entities, in source file desplazaxyalcentro.vhd
    Info (12022): Found design unit 1: DesplazaXYalCentro-beh File: E:/Mega/Facultad/FPGA/SuperHexagonFPGA/DESPLAZAXYALCENTRO.vhd Line: 16
    Info (12023): Found entity 1: DesplazaXYalCentro File: E:/Mega/Facultad/FPGA/SuperHexagonFPGA/DESPLAZAXYALCENTRO.vhd Line: 5
Info (12021): Found 2 design units, including 1 entities, in source file compara_coordenadas.vhd
    Info (12022): Found design unit 1: Compara_coordenadas-beh File: E:/Mega/Facultad/FPGA/SuperHexagonFPGA/COMPARA_COORDENADAS.vhd Line: 19
    Info (12023): Found entity 1: Compara_coordenadas File: E:/Mega/Facultad/FPGA/SuperHexagonFPGA/COMPARA_COORDENADAS.vhd Line: 5
Info (12021): Found 2 design units, including 1 entities, in source file dificultad.vhd
    Info (12022): Found design unit 1: Dificultad-beh File: E:/Mega/Facultad/FPGA/SuperHexagonFPGA/DIFICULTAD.vhd Line: 17
    Info (12023): Found entity 1: Dificultad File: E:/Mega/Facultad/FPGA/SuperHexagonFPGA/DIFICULTAD.vhd Line: 5
Info (12021): Found 2 design units, including 1 entities, in source file juego_fsm.vhd
    Info (12022): Found design unit 1: Juego_Fsm-beh File: E:/Mega/Facultad/FPGA/SuperHexagonFPGA/JUEGO_FSM.vhd Line: 22
    Info (12023): Found entity 1: Juego_Fsm File: E:/Mega/Facultad/FPGA/SuperHexagonFPGA/JUEGO_FSM.vhd Line: 5
Info (12021): Found 2 design units, including 1 entities, in source file paredes.vhd
    Info (12022): Found design unit 1: PAREDES-BEH File: E:/Mega/Facultad/FPGA/SuperHexagonFPGA/PAREDES.vhd Line: 25
    Info (12023): Found entity 1: PAREDES File: E:/Mega/Facultad/FPGA/SuperHexagonFPGA/PAREDES.vhd Line: 4
Info (12127): Elaborating entity "PAREDES" for the top level hierarchy
Info (144001): Generated suppressed messages file E:/Mega/Facultad/FPGA/SuperHexagonFPGA/output_files/SuperHexagon.map.smsg
Info: Quartus Prime Analysis & Elaboration was successful. 0 errors, 4 warnings
    Info: Peak virtual memory: 849 megabytes
    Info: Processing ended: Sun Jul 03 02:00:19 2016
    Info: Elapsed time: 00:00:14
    Info: Total CPU time (on all processors): 00:00:35


+--------------------------------------------+
; Analysis & Elaboration Suppressed Messages ;
+--------------------------------------------+
The suppressed messages can be found in E:/Mega/Facultad/FPGA/SuperHexagonFPGA/output_files/SuperHexagon.map.smsg.


